{"level":"info","message":"Connected to Redis server","timestamp":"2024-07-06T20:04:33.880Z"}
{"level":"info","message":"Connected to Redis server","timestamp":"2024-07-06T20:06:26.079Z"}
{"level":"info","message":"Connected to Redis server","timestamp":"2024-07-06T20:08:47.793Z"}
{"level":"info","message":"Connected to Redis server","timestamp":"2024-07-06T20:14:42.081Z"}
{"level":"info","message":"Connected to Redis server","timestamp":"2024-07-06T20:18:16.693Z"}
{"level":"warn","message":"Redis cache cleared successfully:","timestamp":"2024-07-06T20:18:16.703Z"}
{"level":"info","message":"Connected to Redis server","timestamp":"2024-07-06T20:19:03.748Z"}
{"level":"warn","message":"Redis cache cleared successfully:","timestamp":"2024-07-06T20:19:03.775Z"}
{"level":"info","message":"Connected to Redis server","timestamp":"2024-07-06T20:20:41.348Z"}
{"level":"info","message":"Connected to Redis server","timestamp":"2024-07-06T20:23:55.581Z"}
{"level":"warn","message":"Cache miss","timestamp":"2024-07-06T20:25:11.035Z"}
{"level":"warn","message":"Cache miss","timestamp":"2024-07-06T20:25:19.028Z"}
{"level":"info","message":"Connected to Redis server","timestamp":"2024-07-06T20:28:38.587Z"}
{"level":"info","message":"Connected to Redis server","timestamp":"2024-07-06T20:31:44.294Z"}
{"level":"warn","message":"Cache miss","timestamp":"2024-07-06T20:32:02.906Z"}
{"level":"info","message":"Connected to Redis server","timestamp":"2024-07-06T20:46:14.786Z"}
{"level":"info","message":"Connected to Redis server","timestamp":"2024-07-06T20:51:57.462Z"}
{"level":"warn","message":"Cache miss","timestamp":"2024-07-06T20:52:24.171Z"}
{"level":"warn","message":"Cache miss","timestamp":"2024-07-06T20:52:41.033Z"}
{"level":"info","message":"Connected to Redis server","timestamp":"2024-07-06T21:00:24.703Z"}
{"level":"info","message":"Connected to Redis server","timestamp":"2024-07-06T21:10:54.085Z"}
{"level":"warn","message":"Cache miss","timestamp":"2024-07-06T21:11:19.507Z"}
{"level":"warn","message":"Cache miss","timestamp":"2024-07-06T21:11:22.123Z"}
{"level":"warn","message":"Cache miss","timestamp":"2024-07-06T21:11:23.322Z"}
{"level":"info","message":"Connected to Redis server","timestamp":"2024-07-06T21:14:12.121Z"}
{"level":"warn","message":"Cache miss","timestamp":"2024-07-06T21:14:24.224Z"}
{"level":"warn","message":"Cache miss","timestamp":"2024-07-06T21:14:27.306Z"}
{"level":"info","message":"Connected to Redis server","timestamp":"2024-07-06T21:25:59.750Z"}
{"level":"warn","message":"Cache miss","timestamp":"2024-07-06T21:26:24.461Z"}
{"level":"info","message":"Connected to Redis server","timestamp":"2024-07-06T21:32:35.996Z"}
{"level":"info","message":"Connected to Redis server","timestamp":"2024-07-06T21:33:36.595Z"}
{"level":"warn","message":"Cache miss","timestamp":"2024-07-06T21:34:08.950Z"}
{"level":"warn","message":"Cache miss","timestamp":"2024-07-06T21:34:09.709Z"}
{"level":"info","message":"Connected to Redis server","timestamp":"2024-07-06T21:40:35.793Z"}
{"level":"warn","message":"Cache miss","timestamp":"2024-07-06T21:40:58.851Z"}
{"level":"info","message":"set key: /tasks","timestamp":"2024-07-06T21:40:58.904Z"}
{"level":"info","message":"Cache hit!, Data: [object Object]","timestamp":"2024-07-06T21:41:18.218Z"}
{"level":"info","message":"original url: /task","timestamp":"2024-07-06T21:41:20.017Z"}
{"level":"info","message":"changed url: /tasks","timestamp":"2024-07-06T21:41:20.018Z"}
{"level":"info","message":"deleted key: /tasks","timestamp":"2024-07-06T21:41:20.174Z"}
{"level":"warn","message":"Cache miss","timestamp":"2024-07-06T21:41:20.499Z"}
{"level":"info","message":"set key: /tasks","timestamp":"2024-07-06T21:41:20.604Z"}
{"level":"info","message":"original url: /task","timestamp":"2024-07-06T21:41:22.929Z"}
{"level":"info","message":"changed url: /tasks","timestamp":"2024-07-06T21:41:22.929Z"}
{"level":"info","message":"deleted key: /tasks","timestamp":"2024-07-06T21:41:23.074Z"}
{"level":"warn","message":"Cache miss","timestamp":"2024-07-06T21:41:23.401Z"}
{"level":"info","message":"set key: /tasks","timestamp":"2024-07-06T21:41:23.496Z"}
{"level":"info","message":"original url: /task","timestamp":"2024-07-06T21:41:24.518Z"}
{"level":"info","message":"changed url: /tasks","timestamp":"2024-07-06T21:41:24.519Z"}
{"level":"info","message":"deleted key: /tasks","timestamp":"2024-07-06T21:41:24.663Z"}
{"level":"warn","message":"Cache miss","timestamp":"2024-07-06T21:41:24.991Z"}
{"level":"info","message":"set key: /tasks","timestamp":"2024-07-06T21:41:25.086Z"}
{"level":"info","message":"original url: /task","timestamp":"2024-07-06T21:41:25.758Z"}
{"level":"info","message":"changed url: /tasks","timestamp":"2024-07-06T21:41:25.758Z"}
{"level":"info","message":"deleted key: /tasks","timestamp":"2024-07-06T21:41:25.903Z"}
{"level":"warn","message":"Cache miss","timestamp":"2024-07-06T21:41:26.223Z"}
{"level":"info","message":"set key: /tasks","timestamp":"2024-07-06T21:41:26.317Z"}
{"level":"info","message":"original url: /task","timestamp":"2024-07-06T21:41:27.554Z"}
{"level":"info","message":"changed url: /tasks","timestamp":"2024-07-06T21:41:27.555Z"}
{"level":"info","message":"deleted key: /tasks","timestamp":"2024-07-06T21:41:27.698Z"}
{"level":"warn","message":"Cache miss","timestamp":"2024-07-06T21:41:28.014Z"}
{"level":"info","message":"set key: /tasks","timestamp":"2024-07-06T21:41:28.112Z"}
{"level":"info","message":"Cache hit!, Data: [object Object]","timestamp":"2024-07-06T21:41:28.870Z"}
{"level":"info","message":"Cache hit!, Data: [object Object]","timestamp":"2024-07-06T21:41:29.688Z"}
{"level":"info","message":"Connected to Redis server","timestamp":"2024-07-06T21:42:04.535Z"}
{"level":"info","message":"Cache hit!, Data: [object Object]","timestamp":"2024-07-06T21:42:14.405Z"}
{"level":"info","message":"original url: /task","timestamp":"2024-07-06T21:42:19.393Z"}
{"level":"info","message":"changed url: /tasks","timestamp":"2024-07-06T21:42:19.394Z"}
{"level":"info","message":"deleted key: /tasks","timestamp":"2024-07-06T21:42:19.520Z"}
{"level":"warn","message":"Cache miss","timestamp":"2024-07-06T21:42:19.601Z"}
{"level":"info","message":"set key: /tasks","timestamp":"2024-07-06T21:42:19.686Z"}
{"level":"info","message":"original url: /task","timestamp":"2024-07-06T21:42:21.844Z"}
{"level":"info","message":"changed url: /tasks","timestamp":"2024-07-06T21:42:21.845Z"}
{"level":"info","message":"deleted key: /tasks","timestamp":"2024-07-06T21:42:21.953Z"}
{"level":"warn","message":"Cache miss","timestamp":"2024-07-06T21:42:22.275Z"}
{"level":"info","message":"set key: /tasks","timestamp":"2024-07-06T21:42:22.347Z"}
{"level":"info","message":"Cache hit!, Data: [object Object]","timestamp":"2024-07-06T21:42:28.075Z"}
{"level":"info","message":"Cache hit!, Data: [object Object]","timestamp":"2024-07-06T21:42:28.548Z"}
{"level":"info","message":"Cache hit!, Data: [object Object]","timestamp":"2024-07-06T21:42:28.809Z"}
{"level":"info","message":"Connected to Redis server","timestamp":"2024-07-06T21:43:34.879Z"}
{"level":"info","message":"Cache hit!, Data: [object Object]","timestamp":"2024-07-06T21:43:47.686Z"}
{"level":"info","message":"original url: /task","timestamp":"2024-07-06T21:43:50.869Z"}
{"level":"info","message":"changed url: /tasks","timestamp":"2024-07-06T21:43:50.869Z"}
{"level":"info","message":"deleted key: /tasks","timestamp":"2024-07-06T21:43:51.002Z"}
{"level":"warn","message":"Cache miss","timestamp":"2024-07-06T21:43:51.111Z"}
{"level":"info","message":"set key: /tasks","timestamp":"2024-07-06T21:43:51.195Z"}
{"level":"info","message":"original url: /task","timestamp":"2024-07-06T21:43:54.207Z"}
{"level":"info","message":"changed url: /tasks","timestamp":"2024-07-06T21:43:54.207Z"}
{"level":"info","message":"deleted key: /tasks","timestamp":"2024-07-06T21:43:54.318Z"}
{"level":"warn","message":"Cache miss","timestamp":"2024-07-06T21:43:54.630Z"}
{"level":"info","message":"set key: /tasks","timestamp":"2024-07-06T21:43:54.711Z"}
{"level":"info","message":"Cache hit!, Data: [object Object]","timestamp":"2024-07-06T21:43:55.822Z"}
{"level":"info","message":"Cache hit!, Data: [object Object]","timestamp":"2024-07-06T21:43:56.389Z"}
{"level":"info","message":"Cache hit!, Data: [object Object]","timestamp":"2024-07-06T21:44:38.753Z"}
{"level":"info","message":"Cache hit!, Data: [object Object]","timestamp":"2024-07-06T21:44:49.071Z"}
{"level":"info","message":"Cache hit!, Data: [object Object]","timestamp":"2024-07-06T21:44:54.168Z"}
{"level":"info","message":"Connected to Redis server","timestamp":"2024-07-06T21:48:51.390Z"}
{"level":"info","message":"Connected to Redis server","timestamp":"2024-07-06T21:49:38.551Z"}
{"level":"info","message":"Connected to Redis server","timestamp":"2024-07-06T21:54:27.873Z"}
{"level":"info","message":"Connected to Redis server","timestamp":"2024-07-06T21:55:06.876Z"}
{"level":"info","message":"Cache hit!, Data: [object Object]","timestamp":"2024-07-06T22:01:13.335Z"}
{"level":"info","message":"Connected to Redis server","timestamp":"2024-07-06T22:01:26.322Z"}
{"level":"info","message":"Connected to Redis server","timestamp":"2024-07-06T22:02:36.083Z"}
{"level":"info","message":"Connected to Redis server","timestamp":"2024-07-06T22:03:44.845Z"}
{"level":"info","message":"Connected to Redis server","timestamp":"2024-07-06T22:05:47.908Z"}
{"level":"info","message":"Connected to Redis server","timestamp":"2024-07-06T22:06:05.856Z"}
{"level":"info","message":"Connected to Redis server","timestamp":"2024-07-06T22:06:22.471Z"}
{"level":"info","message":"Connected to Redis server","timestamp":"2024-07-06T22:06:41.689Z"}
{"level":"info","message":"Connected to Redis server","timestamp":"2024-07-06T22:07:13.390Z"}
{"level":"info","message":"Connected to Redis server","timestamp":"2024-07-07T09:10:25.696Z"}
{"level":"warn","message":"Cache miss","timestamp":"2024-07-07T09:10:45.420Z"}
{"level":"info","message":"set key: /tasks","timestamp":"2024-07-07T09:10:45.509Z"}
{"level":"info","message":"original url: /task","timestamp":"2024-07-07T09:11:07.195Z"}
{"level":"info","message":"changed url: /tasks","timestamp":"2024-07-07T09:11:07.196Z"}
{"level":"info","message":"deleted key: /tasks","timestamp":"2024-07-07T09:11:07.323Z"}
{"level":"warn","message":"Cache miss","timestamp":"2024-07-07T09:11:07.653Z"}
{"level":"info","message":"set key: /tasks","timestamp":"2024-07-07T09:11:07.724Z"}
{"level":"info","message":"Cache hit!, Data: [object Object]","timestamp":"2024-07-07T09:11:08.719Z"}
{"level":"info","message":"Cache hit!, Data: [object Object]","timestamp":"2024-07-07T09:11:09.785Z"}
{"level":"info","message":"Cache hit!, Data: [object Object]","timestamp":"2024-07-07T09:11:10.040Z"}
{"level":"info","message":"original url: /task","timestamp":"2024-07-07T09:11:11.429Z"}
{"level":"info","message":"changed url: /tasks","timestamp":"2024-07-07T09:11:11.429Z"}
{"level":"info","message":"deleted key: /tasks","timestamp":"2024-07-07T09:11:11.543Z"}
{"level":"warn","message":"Cache miss","timestamp":"2024-07-07T09:11:11.872Z"}
{"level":"info","message":"set key: /tasks","timestamp":"2024-07-07T09:11:11.956Z"}
{"level":"info","message":"Cache hit!, Data: [object Object]","timestamp":"2024-07-07T09:11:25.246Z"}
{"level":"info","message":"Connected to Redis server","timestamp":"2024-07-07T09:14:05.525Z"}
{"level":"info","message":"Cache hit!, Data: [object Object]","timestamp":"2024-07-07T09:14:22.108Z"}
{"level":"info","message":"Cache hit!, Data: [object Object]","timestamp":"2024-07-07T09:14:25.529Z"}
{"level":"info","message":"Cache hit!, Data: [object Object]","timestamp":"2024-07-07T09:14:28.399Z"}
{"level":"info","message":"Cache hit!, Data: [object Object]","timestamp":"2024-07-07T09:14:32.663Z"}
{"level":"info","message":"Cache hit!, Data: [object Object]","timestamp":"2024-07-07T09:14:37.891Z"}
{"level":"info","message":"Cache hit!, Data: [object Object]","timestamp":"2024-07-07T09:14:40.543Z"}
{"level":"info","message":"Connected to Redis server","timestamp":"2024-07-07T09:16:36.115Z"}
{"level":"info","message":"Cache hit!, Data: [object Object]","timestamp":"2024-07-07T09:16:40.494Z"}
{"level":"info","message":"original url: /task","timestamp":"2024-07-07T09:16:42.792Z"}
{"level":"info","message":"changed url: /tasks","timestamp":"2024-07-07T09:16:42.793Z"}
{"level":"info","message":"deleted key: /tasks","timestamp":"2024-07-07T09:16:42.892Z"}
{"level":"warn","message":"Cache miss","timestamp":"2024-07-07T09:16:43.207Z"}
{"level":"info","message":"set key: /tasks","timestamp":"2024-07-07T09:16:43.273Z"}
{"level":"info","message":"original url: /task","timestamp":"2024-07-07T09:16:46.572Z"}
{"level":"info","message":"changed url: /tasks","timestamp":"2024-07-07T09:16:46.573Z"}
{"level":"info","message":"deleted key: /tasks","timestamp":"2024-07-07T09:16:46.673Z"}
{"level":"warn","message":"Cache miss","timestamp":"2024-07-07T09:16:47.000Z"}
{"level":"info","message":"set key: /tasks","timestamp":"2024-07-07T09:16:47.064Z"}
{"level":"info","message":"Cache hit!, Data: [object Object]","timestamp":"2024-07-07T09:16:48.533Z"}
{"level":"info","message":"Cache hit!, Data: [object Object]","timestamp":"2024-07-07T09:16:49.233Z"}
{"level":"info","message":"original url: /task","timestamp":"2024-07-07T09:16:49.677Z"}
{"level":"info","message":"changed url: /tasks","timestamp":"2024-07-07T09:16:49.677Z"}
{"level":"info","message":"deleted key: /tasks","timestamp":"2024-07-07T09:16:49.773Z"}
{"level":"warn","message":"Cache miss","timestamp":"2024-07-07T09:16:50.099Z"}
{"level":"info","message":"set key: /tasks","timestamp":"2024-07-07T09:16:50.158Z"}
{"level":"info","message":"Connected to Redis server","timestamp":"2024-07-07T09:27:39.731Z"}
{"level":"info","message":"Cache hit!, Data: [object Object]","timestamp":"2024-07-07T10:00:20.348Z"}
{"level":"info","message":"Cache hit!, Data: [object Object]","timestamp":"2024-07-07T10:00:24.829Z"}
{"level":"info","message":"original url: /task","timestamp":"2024-07-07T10:00:28.481Z"}
{"level":"info","message":"changed url: /tasks","timestamp":"2024-07-07T10:00:28.481Z"}
{"level":"info","message":"deleted key: /tasks","timestamp":"2024-07-07T10:00:28.620Z"}
{"level":"warn","message":"Cache miss","timestamp":"2024-07-07T10:00:28.936Z"}
{"level":"info","message":"set key: /tasks","timestamp":"2024-07-07T10:00:29.008Z"}
{"level":"info","message":"Cache hit!, Data: [object Object]","timestamp":"2024-07-07T10:00:30.390Z"}
{"level":"info","message":"Connected to Redis server","timestamp":"2024-07-07T10:20:28.993Z"}
{"level":"info","message":"Cache hit!, Data: [object Object]","timestamp":"2024-07-07T10:21:15.595Z"}
{"level":"info","message":"Cache hit!, Data: [object Object]","timestamp":"2024-07-07T10:21:15.681Z"}
{"level":"info","message":"original url: /task","timestamp":"2024-07-07T10:21:18.702Z"}
{"level":"info","message":"changed url: /tasks","timestamp":"2024-07-07T10:21:18.703Z"}
{"level":"info","message":"deleted key: /tasks","timestamp":"2024-07-07T10:21:18.821Z"}
{"level":"warn","message":"Cache miss","timestamp":"2024-07-07T10:21:19.135Z"}
{"level":"info","message":"set key: /tasks","timestamp":"2024-07-07T10:21:19.210Z"}
{"level":"info","message":"Cache hit!, Data: [object Object]","timestamp":"2024-07-07T10:22:18.718Z"}
{"level":"info","message":"Cache hit!, Data: [object Object]","timestamp":"2024-07-07T10:22:23.293Z"}
{"level":"info","message":"Cache hit!, Data: [object Object]","timestamp":"2024-07-07T10:22:31.837Z"}
{"level":"info","message":"Cache hit!, Data: [object Object]","timestamp":"2024-07-07T10:22:41.664Z"}
{"level":"info","message":"Cache hit!, Data: [object Object]","timestamp":"2024-07-07T10:22:54.552Z"}
{"level":"info","message":"Cache hit!, Data: [object Object]","timestamp":"2024-07-07T10:23:02.239Z"}
{"level":"info","message":"Connected to Redis server","timestamp":"2024-07-07T10:24:08.825Z"}
{"level":"info","message":"Connected to Redis server","timestamp":"2024-07-07T10:33:29.961Z"}
{"level":"info","message":"Connected to Redis server","timestamp":"2024-07-07T10:34:06.153Z"}
{"level":"info","message":"Connected to Redis server","timestamp":"2024-07-07T10:34:07.038Z"}
{"level":"info","message":"Connected to Redis server","timestamp":"2024-07-07T10:34:12.842Z"}
{"level":"info","message":"Connected to Redis server","timestamp":"2024-07-07T10:34:17.997Z"}
{"level":"info","message":"Connected to Redis server","timestamp":"2024-07-07T10:34:50.826Z"}
{"level":"info","message":"Connected to Redis server","timestamp":"2024-07-07T10:34:53.413Z"}
{"level":"info","message":"Connected to Redis server","timestamp":"2024-07-07T10:34:57.879Z"}
{"level":"info","message":"Connected to Redis server","timestamp":"2024-07-07T10:35:00.406Z"}
{"level":"info","message":"Connected to Redis server","timestamp":"2024-07-07T10:37:14.932Z"}
{"level":"info","message":"Connected to Redis server","timestamp":"2024-07-07T10:37:35.386Z"}
{"level":"info","message":"Connected to Redis server","timestamp":"2024-07-07T10:37:55.784Z"}
{"level":"info","message":"Connected to Redis server","timestamp":"2024-07-07T10:38:06.211Z"}
{"level":"info","message":"Connected to Redis server","timestamp":"2024-07-07T10:38:19.139Z"}
{"level":"info","message":"Connected to Redis server","timestamp":"2024-07-07T10:38:20.836Z"}
{"level":"info","message":"Connected to Redis server","timestamp":"2024-07-07T10:38:25.864Z"}
{"level":"info","message":"Connected to Redis server","timestamp":"2024-07-07T10:39:59.252Z"}
{"level":"info","message":"Connected to Redis server","timestamp":"2024-07-07T10:41:08.485Z"}
{"level":"info","message":"Connected to Redis server","timestamp":"2024-07-07T10:41:13.434Z"}
{"level":"info","message":"Connected to Redis server","timestamp":"2024-07-07T10:42:29.511Z"}
{"level":"info","message":"Connected to Redis server","timestamp":"2024-07-07T10:42:35.308Z"}
{"level":"info","message":"Connected to Redis server","timestamp":"2024-07-07T10:46:12.847Z"}
{"level":"info","message":"Connected to Redis server","timestamp":"2024-07-07T10:46:20.503Z"}
{"level":"info","message":"Connected to Redis server","timestamp":"2024-07-07T10:46:27.694Z"}
{"level":"info","message":"Connected to Redis server","timestamp":"2024-07-07T10:47:32.442Z"}
{"level":"info","message":"Connected to Redis server","timestamp":"2024-07-07T10:47:38.053Z"}
{"level":"info","message":"Connected to Redis server","timestamp":"2024-07-07T10:47:44.728Z"}
{"level":"info","message":"Connected to Redis server","timestamp":"2024-07-07T10:47:46.812Z"}
{"level":"info","message":"Connected to Redis server","timestamp":"2024-07-07T10:48:30.877Z"}
{"level":"info","message":"Connected to Redis server","timestamp":"2024-07-07T10:48:32.488Z"}
{"level":"info","message":"Connected to Redis server","timestamp":"2024-07-07T10:48:35.152Z"}
{"level":"info","message":"Connected to Redis server","timestamp":"2024-07-07T10:48:42.763Z"}
{"level":"info","message":"Connected to Redis server","timestamp":"2024-07-07T10:50:01.201Z"}
{"level":"info","message":"Connected to Redis server","timestamp":"2024-07-07T10:50:07.535Z"}
{"level":"info","message":"Connected to Redis server","timestamp":"2024-07-07T10:50:12.378Z"}
{"level":"info","message":"Connected to Redis server","timestamp":"2024-07-07T10:50:16.657Z"}
{"level":"info","message":"Connected to Redis server","timestamp":"2024-07-07T10:54:14.816Z"}
{"level":"info","message":"Connected to Redis server","timestamp":"2024-07-07T10:54:15.762Z"}
{"level":"info","message":"Connected to Redis server","timestamp":"2024-07-07T10:54:16.532Z"}
{"level":"info","message":"Connected to Redis server","timestamp":"2024-07-07T11:00:11.713Z"}
{"level":"info","message":"Connected to Redis server","timestamp":"2024-07-07T11:00:13.017Z"}
{"level":"info","message":"Connected to Redis server","timestamp":"2024-07-07T11:00:19.409Z"}
{"level":"info","message":"Connected to Redis server","timestamp":"2024-07-07T11:01:05.572Z"}
{"level":"info","message":"Connected to Redis server","timestamp":"2024-07-07T11:03:06.843Z"}
{"level":"info","message":"Connected to Redis server","timestamp":"2024-07-07T11:05:24.196Z"}
{"level":"info","message":"Connected to Redis server","timestamp":"2024-07-07T11:06:13.847Z"}
{"level":"info","message":"Connected to Redis server","timestamp":"2024-07-07T11:06:14.983Z"}
{"level":"info","message":"Connected to Redis server","timestamp":"2024-07-07T11:06:37.544Z"}
{"level":"info","message":"Connected to Redis server","timestamp":"2024-07-07T11:06:40.067Z"}
{"level":"info","message":"Connected to Redis server","timestamp":"2024-07-07T11:09:50.592Z"}
{"level":"info","message":"Connected to Redis server","timestamp":"2024-07-07T11:09:55.813Z"}
{"level":"info","message":"Cache hit!, Data: [object Object]","timestamp":"2024-07-07T11:13:37.459Z"}
{"level":"info","message":"Cache hit!, Data: [object Object]","timestamp":"2024-07-07T11:13:37.469Z"}
{"level":"info","message":"Cache hit!, Data: [object Object]","timestamp":"2024-07-07T11:14:47.059Z"}
{"level":"info","message":"Cache hit!, Data: [object Object]","timestamp":"2024-07-07T11:14:52.756Z"}
{"level":"info","message":"Cache hit!, Data: [object Object]","timestamp":"2024-07-07T11:14:52.762Z"}
{"level":"info","message":"Cache hit!, Data: [object Object]","timestamp":"2024-07-07T11:15:02.448Z"}
{"level":"info","message":"Cache hit!, Data: [object Object]","timestamp":"2024-07-07T11:15:02.457Z"}
{"level":"info","message":"Cache hit!, Data: [object Object]","timestamp":"2024-07-07T11:15:05.096Z"}
{"level":"info","message":"Cache hit!, Data: [object Object]","timestamp":"2024-07-07T11:15:05.104Z"}
{"level":"info","message":"Cache hit!, Data: [object Object]","timestamp":"2024-07-07T11:16:42.267Z"}
{"level":"info","message":"Cache hit!, Data: [object Object]","timestamp":"2024-07-07T11:17:02.418Z"}
{"level":"info","message":"Cache hit!, Data: [object Object]","timestamp":"2024-07-07T11:17:02.426Z"}
{"level":"info","message":"Cache hit!, Data: [object Object]","timestamp":"2024-07-07T11:17:28.459Z"}
{"level":"info","message":"original url: /task","timestamp":"2024-07-07T11:17:43.810Z"}
{"level":"info","message":"changed url: /tasks","timestamp":"2024-07-07T11:17:43.810Z"}
{"level":"info","message":"Cache hit!, Data: [object Object]","timestamp":"2024-07-07T11:17:44.181Z"}
{"level":"info","message":"original url: /task","timestamp":"2024-07-07T11:17:46.377Z"}
{"level":"info","message":"changed url: /tasks","timestamp":"2024-07-07T11:17:46.377Z"}
{"level":"info","message":"Cache hit!, Data: [object Object]","timestamp":"2024-07-07T11:17:46.748Z"}
{"level":"info","message":"original url: /task","timestamp":"2024-07-07T11:17:48.902Z"}
{"level":"info","message":"changed url: /tasks","timestamp":"2024-07-07T11:17:48.902Z"}
{"level":"info","message":"Cache hit!, Data: [object Object]","timestamp":"2024-07-07T11:17:49.246Z"}
{"level":"info","message":"Connected to Redis server","timestamp":"2024-07-07T11:21:02.308Z"}
{"level":"info","message":"Connected to Redis server","timestamp":"2024-07-07T11:24:34.729Z"}
{"level":"info","message":"Connected to Redis server","timestamp":"2024-07-07T11:29:43.746Z"}
{"level":"info","message":"Connected to Redis server","timestamp":"2024-07-07T11:29:45.579Z"}
{"level":"info","message":"Connected to Redis server","timestamp":"2024-07-07T11:29:49.482Z"}
{"level":"info","message":"Connected to Redis server","timestamp":"2024-07-07T11:29:51.507Z"}
{"level":"info","message":"Connected to Redis server","timestamp":"2024-07-07T11:30:03.429Z"}
{"level":"info","message":"Connected to Redis server","timestamp":"2024-07-07T11:30:13.609Z"}
{"level":"info","message":"Connected to Redis server","timestamp":"2024-07-07T11:30:32.348Z"}
{"level":"info","message":"Connected to Redis server","timestamp":"2024-07-07T11:32:49.044Z"}
{"level":"info","message":"Connected to Redis server","timestamp":"2024-07-07T11:32:53.752Z"}
{"level":"info","message":"Connected to Redis server","timestamp":"2024-07-07T11:32:58.591Z"}
{"level":"info","message":"Connected to Redis server","timestamp":"2024-07-07T11:33:15.690Z"}
{"level":"info","message":"Connected to Redis server","timestamp":"2024-07-07T11:34:05.552Z"}
{"level":"info","message":"Connected to Redis server","timestamp":"2024-07-07T11:34:07.046Z"}
{"level":"info","message":"Connected to Redis server","timestamp":"2024-07-07T11:34:35.606Z"}
{"level":"info","message":"Connected to Redis server","timestamp":"2024-07-07T11:34:37.461Z"}
{"level":"info","message":"Connected to Redis server","timestamp":"2024-07-07T11:34:38.637Z"}
{"level":"info","message":"Connected to Redis server","timestamp":"2024-07-07T11:34:39.856Z"}
{"level":"info","message":"Connected to Redis server","timestamp":"2024-07-07T11:35:01.018Z"}
{"level":"info","message":"Connected to Redis server","timestamp":"2024-07-07T11:37:53.928Z"}
{"level":"info","message":"Connected to Redis server","timestamp":"2024-07-07T11:38:36.777Z"}
{"level":"info","message":"Connected to Redis server","timestamp":"2024-07-07T11:39:28.782Z"}
{"level":"info","message":"Connected to Redis server","timestamp":"2024-07-07T11:39:31.188Z"}
{"level":"info","message":"Connected to Redis server","timestamp":"2024-07-07T11:39:35.999Z"}
{"level":"info","message":"Connected to Redis server","timestamp":"2024-07-07T11:39:48.271Z"}
{"level":"info","message":"Connected to Redis server","timestamp":"2024-07-07T11:41:35.255Z"}
{"level":"info","message":"Connected to Redis server","timestamp":"2024-07-07T11:42:48.915Z"}
{"level":"info","message":"Connected to Redis server","timestamp":"2024-07-07T11:42:54.965Z"}
{"level":"info","message":"Connected to Redis server","timestamp":"2024-07-07T11:43:05.594Z"}
{"level":"info","message":"Connected to Redis server","timestamp":"2024-07-07T11:43:10.028Z"}
{"level":"info","message":"Connected to Redis server","timestamp":"2024-07-07T11:43:13.501Z"}
{"level":"info","message":"Connected to Redis server","timestamp":"2024-07-07T11:45:21.568Z"}
{"level":"info","message":"Connected to Redis server","timestamp":"2024-07-07T11:45:42.152Z"}
{"level":"info","message":"Connected to Redis server","timestamp":"2024-07-07T11:45:46.429Z"}
{"level":"info","message":"Connected to Redis server","timestamp":"2024-07-07T11:46:42.284Z"}
{"level":"info","message":"Connected to Redis server","timestamp":"2024-07-07T11:47:44.685Z"}
{"level":"info","message":"Connected to Redis server","timestamp":"2024-07-07T11:47:45.927Z"}
{"level":"info","message":"Connected to Redis server","timestamp":"2024-07-07T11:48:05.635Z"}
{"level":"info","message":"Connected to Redis server","timestamp":"2024-07-07T11:48:06.930Z"}
{"level":"info","message":"Connected to Redis server","timestamp":"2024-07-07T11:48:19.686Z"}
{"level":"info","message":"Connected to Redis server","timestamp":"2024-07-07T11:48:25.623Z"}
{"level":"info","message":"Connected to Redis server","timestamp":"2024-07-07T11:49:39.692Z"}
{"level":"info","message":"Connected to Redis server","timestamp":"2024-07-07T11:54:03.000Z"}
{"level":"info","message":"Connected to Redis server","timestamp":"2024-07-07T11:56:44.047Z"}
{"level":"info","message":"Connected to Redis server","timestamp":"2024-07-07T11:56:45.335Z"}
{"level":"info","message":"Connected to Redis server","timestamp":"2024-07-07T11:59:34.132Z"}
{"level":"info","message":"Connected to Redis server","timestamp":"2024-07-07T11:59:39.543Z"}
{"level":"info","message":"Connected to Redis server","timestamp":"2024-07-07T12:02:45.420Z"}
{"level":"info","message":"Connected to Redis server","timestamp":"2024-07-07T12:03:16.727Z"}
{"level":"info","message":"Connected to Redis server","timestamp":"2024-07-07T12:03:25.852Z"}
{"level":"info","message":"Connected to Redis server","timestamp":"2024-07-07T12:03:38.980Z"}
{"level":"info","message":"Connected to Redis server","timestamp":"2024-07-07T12:04:25.803Z"}
{"level":"info","message":"Connected to Redis server","timestamp":"2024-07-07T12:05:51.638Z"}
{"level":"info","message":"Connected to Redis server","timestamp":"2024-07-07T12:06:20.559Z"}
{"level":"info","message":"Connected to Redis server","timestamp":"2024-07-07T12:06:25.021Z"}
{"level":"info","message":"Connected to Redis server","timestamp":"2024-07-07T12:08:26.019Z"}
{"level":"info","message":"Connected to Redis server","timestamp":"2024-07-07T12:08:28.511Z"}
{"level":"info","message":"Connected to Redis server","timestamp":"2024-07-07T12:08:36.397Z"}
{"level":"info","message":"Connected to Redis server","timestamp":"2024-07-07T12:09:36.118Z"}
{"level":"info","message":"Connected to Redis server","timestamp":"2024-07-07T12:09:39.516Z"}
{"level":"info","message":"Connected to Redis server","timestamp":"2024-07-07T12:09:43.889Z"}
{"level":"info","message":"Connected to Redis server","timestamp":"2024-07-07T12:09:45.596Z"}
{"level":"info","message":"Connected to Redis server","timestamp":"2024-07-07T12:09:51.886Z"}
{"level":"info","message":"Connected to Redis server","timestamp":"2024-07-07T12:09:52.791Z"}
{"level":"info","message":"Connected to Redis server","timestamp":"2024-07-07T12:09:57.892Z"}
{"level":"info","message":"Connected to Redis server","timestamp":"2024-07-07T12:10:02.493Z"}
{"level":"info","message":"Connected to Redis server","timestamp":"2024-07-07T12:10:07.424Z"}
{"level":"info","message":"Connected to Redis server","timestamp":"2024-07-07T12:10:12.975Z"}
{"level":"info","message":"Connected to Redis server","timestamp":"2024-07-07T12:10:20.323Z"}
{"level":"info","message":"Connected to Redis server","timestamp":"2024-07-07T12:10:23.462Z"}
{"level":"info","message":"Connected to Redis server","timestamp":"2024-07-07T12:10:29.444Z"}
{"level":"info","message":"Connected to Redis server","timestamp":"2024-07-07T12:10:32.639Z"}
{"level":"info","message":"Connected to Redis server","timestamp":"2024-07-07T12:10:33.907Z"}
{"level":"info","message":"Connected to Redis server","timestamp":"2024-07-07T12:10:38.510Z"}
{"level":"info","message":"Connected to Redis server","timestamp":"2024-07-07T12:11:30.734Z"}
{"level":"info","message":"Connected to Redis server","timestamp":"2024-07-07T12:11:45.015Z"}
{"level":"info","message":"Connected to Redis server","timestamp":"2024-07-07T12:11:52.341Z"}
{"level":"info","message":"Connected to Redis server","timestamp":"2024-07-07T12:11:56.659Z"}
{"level":"info","message":"Connected to Redis server","timestamp":"2024-07-07T12:11:58.570Z"}
{"level":"info","message":"Connected to Redis server","timestamp":"2024-07-07T12:12:03.364Z"}
{"level":"info","message":"Connected to Redis server","timestamp":"2024-07-07T12:12:06.152Z"}
{"level":"info","message":"Connected to Redis server","timestamp":"2024-07-07T12:12:10.623Z"}
{"level":"info","message":"Connected to Redis server","timestamp":"2024-07-07T12:12:12.329Z"}
{"level":"info","message":"Connected to Redis server","timestamp":"2024-07-07T12:12:17.415Z"}
{"level":"info","message":"Connected to Redis server","timestamp":"2024-07-07T12:14:55.269Z"}
{"level":"info","message":"Connected to Redis server","timestamp":"2024-07-07T12:14:59.125Z"}
{"level":"info","message":"Connected to Redis server","timestamp":"2024-07-07T12:19:46.237Z"}
{"level":"info","message":"Connected to Redis server","timestamp":"2024-07-07T12:19:52.145Z"}
{"level":"info","message":"Cache hit!, Data: [object Object]","timestamp":"2024-07-07T12:20:12.218Z"}
{"level":"info","message":"Cache hit!, Data: [object Object]","timestamp":"2024-07-07T12:20:12.471Z"}
{"level":"info","message":"original url: /task","timestamp":"2024-07-07T12:20:20.129Z"}
{"level":"info","message":"changed url: /tasks","timestamp":"2024-07-07T12:20:20.130Z"}
{"level":"info","message":"deleted key: /tasks","timestamp":"2024-07-07T12:20:20.247Z"}
{"level":"warn","message":"Cache miss","timestamp":"2024-07-07T12:20:20.559Z"}
{"level":"info","message":"set key: /tasks","timestamp":"2024-07-07T12:20:20.628Z"}
{"level":"info","message":"original url: /task","timestamp":"2024-07-07T12:20:23.553Z"}
{"level":"info","message":"changed url: /tasks","timestamp":"2024-07-07T12:20:23.553Z"}
{"level":"info","message":"deleted key: /tasks","timestamp":"2024-07-07T12:20:23.658Z"}
{"level":"warn","message":"Cache miss","timestamp":"2024-07-07T12:20:23.971Z"}
{"level":"info","message":"set key: /tasks","timestamp":"2024-07-07T12:20:24.037Z"}
{"level":"info","message":"original url: /task","timestamp":"2024-07-07T12:20:25.696Z"}
{"level":"info","message":"changed url: /tasks","timestamp":"2024-07-07T12:20:25.697Z"}
{"level":"info","message":"deleted key: /tasks","timestamp":"2024-07-07T12:20:25.810Z"}
{"level":"warn","message":"Cache miss","timestamp":"2024-07-07T12:20:26.124Z"}
{"level":"info","message":"set key: /tasks","timestamp":"2024-07-07T12:20:26.191Z"}
{"level":"info","message":"original url: /task","timestamp":"2024-07-07T12:20:27.738Z"}
{"level":"info","message":"changed url: /tasks","timestamp":"2024-07-07T12:20:27.738Z"}
{"level":"info","message":"deleted key: /tasks","timestamp":"2024-07-07T12:20:27.844Z"}
{"level":"warn","message":"Cache miss","timestamp":"2024-07-07T12:20:28.177Z"}
{"level":"info","message":"set key: /tasks","timestamp":"2024-07-07T12:20:28.247Z"}
{"level":"info","message":"Connected to Redis server","timestamp":"2024-07-07T12:20:35.970Z"}
{"level":"info","message":"Cache hit!, Data: [object Object]","timestamp":"2024-07-07T12:22:10.731Z"}
{"level":"info","message":"Cache hit!, Data: [object Object]","timestamp":"2024-07-07T12:22:11.047Z"}
{"level":"info","message":"original url: /task","timestamp":"2024-07-07T12:22:14.499Z"}
{"level":"info","message":"changed url: /tasks","timestamp":"2024-07-07T12:22:14.499Z"}
{"level":"info","message":"deleted key: /tasks","timestamp":"2024-07-07T12:22:14.601Z"}
{"level":"warn","message":"Cache miss","timestamp":"2024-07-07T12:22:14.771Z"}
{"level":"info","message":"set key: /tasks","timestamp":"2024-07-07T12:22:14.842Z"}
{"level":"info","message":"Cache hit!, Data: [object Object]","timestamp":"2024-07-07T12:23:40.713Z"}
{"level":"info","message":"Cache hit!, Data: [object Object]","timestamp":"2024-07-07T12:23:41.036Z"}
{"level":"info","message":"Cache hit!, Data: [object Object]","timestamp":"2024-07-07T12:26:24.323Z"}
{"level":"info","message":"Cache hit!, Data: [object Object]","timestamp":"2024-07-07T12:26:24.447Z"}
{"level":"info","message":"original url: /task","timestamp":"2024-07-07T12:26:32.366Z"}
{"level":"info","message":"changed url: /tasks","timestamp":"2024-07-07T12:26:32.366Z"}
{"level":"info","message":"deleted key: /tasks","timestamp":"2024-07-07T12:26:32.494Z"}
{"level":"warn","message":"Cache miss","timestamp":"2024-07-07T12:26:32.802Z"}
{"level":"info","message":"set key: /tasks","timestamp":"2024-07-07T12:26:32.863Z"}
{"level":"info","message":"original url: /task","timestamp":"2024-07-07T12:26:35.142Z"}
{"level":"info","message":"changed url: /tasks","timestamp":"2024-07-07T12:26:35.142Z"}
{"level":"info","message":"deleted key: /tasks","timestamp":"2024-07-07T12:26:35.244Z"}
{"level":"warn","message":"Cache miss","timestamp":"2024-07-07T12:26:35.569Z"}
{"level":"info","message":"set key: /tasks","timestamp":"2024-07-07T12:26:35.631Z"}
